Using pre-set license
Built from '2020.3/staging' branch; Version is '2020.3.8f1 (507919d4fff5) revision 5273881'; Using compiler version '192528614'; Build Type 'Release'
OS: 'Windows 10 Home; OS build 19042.985; Version 2009; 64bit' Language: 'es' Physical Memory: 16337 MB
BatchMode: 1, IsHumanControllingUs: 0, StartBugReporterOnCrash: 0, Is64bit: 1, IsPro: 0

 COMMAND LINE ARGUMENTS:
C:\Program Files\Unity\Hub\Editor\2020.3.8f1\Editor\Unity.exe
-adb2
-batchMode
-noUpm
-name
AssetImportWorker0
-projectPath
C:/Users/GON/Desktop/Git/Trabajo/Proyectos/Proyectos/RunOrDie/RunOrDie
-logFile
Logs/AssetImportWorker0.log
-srvPort
59979
Successfully changed project path to: C:/Users/GON/Desktop/Git/Trabajo/Proyectos/Proyectos/RunOrDie/RunOrDie
C:/Users/GON/Desktop/Git/Trabajo/Proyectos/Proyectos/RunOrDie/RunOrDie
Using Asset Import Pipeline V2.
Refreshing native plugins compatible for Editor in 41.37 ms, found 1 plugins.
Preloading 0 native plugins for Editor in 0.00 ms.
Initialize engine version: 2020.3.8f1 (507919d4fff5)
[Subsystems] Discovering subsystems at path C:/Program Files/Unity/Hub/Editor/2020.3.8f1/Editor/Data/Resources/UnitySubsystems
[Subsystems] Discovering subsystems at path C:/Users/GON/Desktop/Git/Trabajo/Proyectos/Proyectos/RunOrDie/RunOrDie/Assets
GfxDevice: creating device client; threaded=0
Direct3D:
    Version:  Direct3D 11.0 [level 11.1]
    Renderer: NVIDIA GeForce GTX 1060 6GB (ID=0x1c03)
    Vendor:   
    VRAM:     6052 MB
    Driver:   27.21.14.6172
Initialize mono
Mono path[0] = 'C:/Program Files/Unity/Hub/Editor/2020.3.8f1/Editor/Data/Managed'
Mono path[1] = 'C:/Program Files/Unity/Hub/Editor/2020.3.8f1/Editor/Data/MonoBleedingEdge/lib/mono/unityjit'
Mono config path = 'C:/Program Files/Unity/Hub/Editor/2020.3.8f1/Editor/Data/MonoBleedingEdge/etc'
Using monoOptions --debugger-agent=transport=dt_socket,embedding=1,server=y,suspend=n,address=127.0.0.1:56640
Begin MonoManager ReloadAssembly
Registering precompiled unity dll's ...
Register platform support module: C:/Program Files/Unity/Hub/Editor/2020.3.8f1/Editor/Data/PlaybackEngines/WindowsStandaloneSupport/UnityEditor.WindowsStandalone.Extensions.dll
Registered in 0.002330 seconds.
Native extension for WindowsStandalone target not found
Refreshing native plugins compatible for Editor in 40.50 ms, found 1 plugins.
Preloading 0 native plugins for Editor in 0.00 ms.
Mono: successfully reloaded assembly
- Completed reload, in  1.271 seconds
Platform modules already initialized, skipping
Registering precompiled user dll's ...
Registered in 0.001345 seconds.
Begin MonoManager ReloadAssembly
Native extension for WindowsStandalone target not found
Refreshing native plugins compatible for Editor in 40.09 ms, found 1 plugins.
Preloading 0 native plugins for Editor in 0.00 ms.
Mono: successfully reloaded assembly
- Completed reload, in  1.097 seconds
Platform modules already initialized, skipping
========================================================================
Worker process is ready to serve import requests
Launched and connected shader compiler UnityShaderCompiler.exe after 0.06 seconds
Refreshing native plugins compatible for Editor in 0.36 ms, found 1 plugins.
Preloading 0 native plugins for Editor in 0.00 ms.
Unloading 1818 Unused Serialized files (Serialized files now loaded: 0)
System memory in use before: 85.6 MB.
System memory in use after: 85.5 MB.

Unloading 24 unused Assets to reduce memory usage. Loaded Objects now: 2262.
Total: 3.290700 ms (FindLiveObjects: 0.277400 ms CreateObjectMapping: 0.098900 ms MarkObjects: 2.606600 ms  DeleteObjects: 0.306500 ms)

========================================================================
Received Import Request.
  path: Assets/Animations/Mafioso_00001.controller
  artifactKey: Guid(32697794ef508174cb391c572b3025ab) Importer(815301076,1909f56bfc062723c751e8b465ee728b)
Start importing Assets/Animations/Mafioso_00001.controller using Guid(32697794ef508174cb391c572b3025ab) Importer(815301076,1909f56bfc062723c751e8b465ee728b)  -> (artifact id: '895c77be9f2104500a4e9b4810af05df') in 0.064638 seconds
  Import took 0.068615 seconds .

========================================================================
Received Import Request.
  Time since last request: 4.447463 seconds.
  path: Assets/Animations/Aplanadora_00001.controller
  artifactKey: Guid(42dcb627751ebd84db95ea1a5ed47895) Importer(815301076,1909f56bfc062723c751e8b465ee728b)
Start importing Assets/Animations/Aplanadora_00001.controller using Guid(42dcb627751ebd84db95ea1a5ed47895) Importer(815301076,1909f56bfc062723c751e8b465ee728b)  -> (artifact id: '16be19d145ffef122bca859fd8267474') in 0.003334 seconds
  Import took 0.006443 seconds .

========================================================================
Received Import Request.
  Time since last request: 0.001410 seconds.
  path: Assets/Animations/Aplanadora_00001.controller
  artifactKey: Guid(42dcb627751ebd84db95ea1a5ed47895) Importer(815301076,1909f56bfc062723c751e8b465ee728b)
Start importing Assets/Animations/Aplanadora_00001.controller using Guid(42dcb627751ebd84db95ea1a5ed47895) Importer(815301076,1909f56bfc062723c751e8b465ee728b)  -> (artifact id: '16be19d145ffef122bca859fd8267474') in 0.003087 seconds
  Import took 0.006049 seconds .

========================================================================
Received Import Request.
  Time since last request: 28.195795 seconds.
  path: Assets/Animations/PlayerAnimation.controller
  artifactKey: Guid(12e5bc7127322684d9851b6aa9aea42d) Importer(815301076,1909f56bfc062723c751e8b465ee728b)
Start importing Assets/Animations/PlayerAnimation.controller using Guid(12e5bc7127322684d9851b6aa9aea42d) Importer(815301076,1909f56bfc062723c751e8b465ee728b)  -> (artifact id: '808eab1ed7a0ec87566d440d1b8e99c4') in 0.006093 seconds
  Import took 0.009118 seconds .

========================================================================
Received Prepare
Registering precompiled user dll's ...
Registered in 0.001282 seconds.
Begin MonoManager ReloadAssembly
Native extension for WindowsStandalone target not found
Refreshing native plugins compatible for Editor in 0.55 ms, found 1 plugins.
Preloading 0 native plugins for Editor in 0.00 ms.
Mono: successfully reloaded assembly
- Completed reload, in  0.924 seconds
Platform modules already initialized, skipping
Refreshing native plugins compatible for Editor in 0.39 ms, found 1 plugins.
Preloading 0 native plugins for Editor in 0.00 ms.
Unloading 1813 Unused Serialized files (Serialized files now loaded: 0)
System memory in use before: 85.8 MB.
System memory in use after: 85.8 MB.

Unloading 12 unused Assets to reduce memory usage. Loaded Objects now: 2266.
Total: 2.197000 ms (FindLiveObjects: 0.212700 ms CreateObjectMapping: 0.065100 ms MarkObjects: 1.785500 ms  DeleteObjects: 0.132600 ms)

========================================================================
Received Prepare
Registering precompiled user dll's ...
Registered in 0.001314 seconds.
Begin MonoManager ReloadAssembly
Native extension for WindowsStandalone target not found
Refreshing native plugins compatible for Editor in 0.81 ms, found 1 plugins.
Preloading 0 native plugins for Editor in 0.00 ms.
Mono: successfully reloaded assembly
- Completed reload, in  1.591 seconds
Platform modules already initialized, skipping
Refreshing native plugins compatible for Editor in 0.36 ms, found 1 plugins.
Preloading 0 native plugins for Editor in 0.00 ms.
Unloading 1813 Unused Serialized files (Serialized files now loaded: 0)
System memory in use before: 85.9 MB.
System memory in use after: 85.9 MB.

Unloading 12 unused Assets to reduce memory usage. Loaded Objects now: 2270.
Total: 2.594400 ms (FindLiveObjects: 0.343100 ms CreateObjectMapping: 0.081500 ms MarkObjects: 2.051800 ms  DeleteObjects: 0.117300 ms)

========================================================================
Received Prepare
Registering precompiled user dll's ...
Registered in 0.001182 seconds.
Begin MonoManager ReloadAssembly
Native extension for WindowsStandalone target not found
Refreshing native plugins compatible for Editor in 0.39 ms, found 1 plugins.
Preloading 0 native plugins for Editor in 0.00 ms.
Mono: successfully reloaded assembly
- Completed reload, in  0.976 seconds
Platform modules already initialized, skipping
Refreshing native plugins compatible for Editor in 0.36 ms, found 1 plugins.
Preloading 0 native plugins for Editor in 0.00 ms.
Unloading 1813 Unused Serialized files (Serialized files now loaded: 0)
System memory in use before: 86.0 MB.
System memory in use after: 85.9 MB.

Unloading 12 unused Assets to reduce memory usage. Loaded Objects now: 2274.
Total: 1.993900 ms (FindLiveObjects: 0.163900 ms CreateObjectMapping: 0.056900 ms MarkObjects: 1.630400 ms  DeleteObjects: 0.141900 ms)

========================================================================
Received Prepare
Registering precompiled user dll's ...
Registered in 0.001223 seconds.
Begin MonoManager ReloadAssembly
Native extension for WindowsStandalone target not found
Refreshing native plugins compatible for Editor in 0.42 ms, found 1 plugins.
Preloading 0 native plugins for Editor in 0.00 ms.
Mono: successfully reloaded assembly
- Completed reload, in  0.965 seconds
Platform modules already initialized, skipping
Refreshing native plugins compatible for Editor in 0.36 ms, found 1 plugins.
Preloading 0 native plugins for Editor in 0.00 ms.
Unloading 1813 Unused Serialized files (Serialized files now loaded: 0)
System memory in use before: 86.0 MB.
System memory in use after: 86.0 MB.

Unloading 12 unused Assets to reduce memory usage. Loaded Objects now: 2278.
Total: 2.057000 ms (FindLiveObjects: 0.180300 ms CreateObjectMapping: 0.057600 ms MarkObjects: 1.681900 ms  DeleteObjects: 0.136400 ms)

========================================================================
Received Prepare
Registering precompiled user dll's ...
Registered in 0.001373 seconds.
Begin MonoManager ReloadAssembly
Native extension for WindowsStandalone target not found
Refreshing native plugins compatible for Editor in 0.43 ms, found 1 plugins.
Preloading 0 native plugins for Editor in 0.00 ms.
Mono: successfully reloaded assembly
- Completed reload, in  0.928 seconds
Platform modules already initialized, skipping
Refreshing native plugins compatible for Editor in 0.38 ms, found 1 plugins.
Preloading 0 native plugins for Editor in 0.00 ms.
Unloading 1813 Unused Serialized files (Serialized files now loaded: 0)
System memory in use before: 86.0 MB.
System memory in use after: 86.0 MB.

Unloading 12 unused Assets to reduce memory usage. Loaded Objects now: 2282.
Total: 2.208900 ms (FindLiveObjects: 0.239600 ms CreateObjectMapping: 0.095700 ms MarkObjects: 1.726700 ms  DeleteObjects: 0.145400 ms)

========================================================================
Received Prepare
Registering precompiled user dll's ...
Registered in 0.001263 seconds.
Begin MonoManager ReloadAssembly
Native extension for WindowsStandalone target not found
Refreshing native plugins compatible for Editor in 0.41 ms, found 1 plugins.
Preloading 0 native plugins for Editor in 0.00 ms.
Mono: successfully reloaded assembly
- Completed reload, in  0.924 seconds
Platform modules already initialized, skipping
Refreshing native plugins compatible for Editor in 0.41 ms, found 1 plugins.
Preloading 0 native plugins for Editor in 0.00 ms.
Unloading 1813 Unused Serialized files (Serialized files now loaded: 0)
System memory in use before: 86.0 MB.
System memory in use after: 86.0 MB.

Unloading 12 unused Assets to reduce memory usage. Loaded Objects now: 2286.
Total: 2.237600 ms (FindLiveObjects: 0.182200 ms CreateObjectMapping: 0.066400 ms MarkObjects: 1.885200 ms  DeleteObjects: 0.103000 ms)

========================================================================
Received Import Request.
  Time since last request: 1119.381452 seconds.
  path: Assets/Animations/Aplana.controller
  artifactKey: Guid(175e485635400f24e94aa362086b03a3) Importer(815301076,1909f56bfc062723c751e8b465ee728b)
Start importing Assets/Animations/Aplana.controller using Guid(175e485635400f24e94aa362086b03a3) Importer(815301076,1909f56bfc062723c751e8b465ee728b)  -> (artifact id: 'df95bb924da48b4adde326ef5c278671') in 0.018477 seconds
  Import took 0.021836 seconds .

========================================================================
Received Import Request.
  Time since last request: 6.116693 seconds.
  path: Assets/Animations/Aplanadora.anim
  artifactKey: Guid(c0a0e6dc72648e2478f6c0e379e74ef7) Importer(815301076,1909f56bfc062723c751e8b465ee728b)
Start importing Assets/Animations/Aplanadora.anim using Guid(c0a0e6dc72648e2478f6c0e379e74ef7) Importer(815301076,1909f56bfc062723c751e8b465ee728b)  -> (artifact id: 'f5f229310c6633e8d0fdc89333676efe') in 0.006091 seconds
  Import took 0.009561 seconds .

========================================================================
Received Import Request.
  Time since last request: 0.008508 seconds.
  path: Assets/Animations/Aplanadora.anim
  artifactKey: Guid(c0a0e6dc72648e2478f6c0e379e74ef7) Importer(815301076,1909f56bfc062723c751e8b465ee728b)
Start importing Assets/Animations/Aplanadora.anim using Guid(c0a0e6dc72648e2478f6c0e379e74ef7) Importer(815301076,1909f56bfc062723c751e8b465ee728b)  -> (artifact id: 'f5f229310c6633e8d0fdc89333676efe') in 0.005015 seconds
  Import took 0.009529 seconds .

========================================================================
Received Prepare
Registering precompiled user dll's ...
Registered in 0.001291 seconds.
Begin MonoManager ReloadAssembly
Native extension for WindowsStandalone target not found
Refreshing native plugins compatible for Editor in 0.80 ms, found 1 plugins.
Preloading 0 native plugins for Editor in 0.00 ms.
Mono: successfully reloaded assembly
- Completed reload, in  0.936 seconds
Platform modules already initialized, skipping
Refreshing native plugins compatible for Editor in 0.36 ms, found 1 plugins.
Preloading 0 native plugins for Editor in 0.00 ms.
Unloading 1813 Unused Serialized files (Serialized files now loaded: 0)
System memory in use before: 86.0 MB.
System memory in use after: 86.0 MB.

Unloading 12 unused Assets to reduce memory usage. Loaded Objects now: 2290.
Total: 2.167900 ms (FindLiveObjects: 0.170100 ms CreateObjectMapping: 0.061900 ms MarkObjects: 1.811400 ms  DeleteObjects: 0.123400 ms)

========================================================================
Received Import Request.
  Time since last request: 56.100103 seconds.
  path: Assets/Animations/Mafia.controller
  artifactKey: Guid(b939ea0bcea9e2a428f2e006647194dc) Importer(815301076,1909f56bfc062723c751e8b465ee728b)
Start importing Assets/Animations/Mafia.controller using Guid(b939ea0bcea9e2a428f2e006647194dc) Importer(815301076,1909f56bfc062723c751e8b465ee728b)  -> (artifact id: '08f2637a18fdfbf263d08d17461e5d6e') in 0.012489 seconds
  Import took 0.015484 seconds .

========================================================================
Received Import Request.
  Time since last request: 90.835518 seconds.
  path: Assets/Prefabs/LevelUno.prefab
  artifactKey: Guid(1c00117c2b2796540bed0cb96ae36bce) Importer(815301076,1909f56bfc062723c751e8b465ee728b)
Start importing Assets/Prefabs/LevelUno.prefab using Guid(1c00117c2b2796540bed0cb96ae36bce) Importer(815301076,1909f56bfc062723c751e8b465ee728b)  -> (artifact id: '10f70a2ec2de1051b55c1ab0574a58c0') in 0.164551 seconds
  Import took 0.170778 seconds .

========================================================================
Received Import Request.
  Time since last request: 0.000280 seconds.
  path: Assets/Prefabs/Mafioso.prefab
  artifactKey: Guid(b3a20dd949d5e784ebe1079566e82f50) Importer(815301076,1909f56bfc062723c751e8b465ee728b)
Start importing Assets/Prefabs/Mafioso.prefab using Guid(b3a20dd949d5e784ebe1079566e82f50) Importer(815301076,1909f56bfc062723c751e8b465ee728b)  -> (artifact id: '8c95eb2abff93346a486351a5b6ae6b8') in 0.011015 seconds
  Import took 0.014565 seconds .

========================================================================
Received Import Request.
  Time since last request: 7.699219 seconds.
  path: ProjectSettings/TagManager.asset
  artifactKey: Guid(00000000000000003000000000000000) Importer(815301076,1909f56bfc062723c751e8b465ee728b)
Start importing ProjectSettings/TagManager.asset using Guid(00000000000000003000000000000000) Importer(815301076,1909f56bfc062723c751e8b465ee728b)  -> (artifact id: '147acd7f81fa53cd5be96f05a3706b8e') in 0.005157 seconds
  Import took 0.009366 seconds .

========================================================================
Received Import Request.
  Time since last request: 0.005879 seconds.
  path: ProjectSettings/TagManager.asset
  artifactKey: Guid(00000000000000003000000000000000) Importer(815301076,1909f56bfc062723c751e8b465ee728b)
Start importing ProjectSettings/TagManager.asset using Guid(00000000000000003000000000000000) Importer(815301076,1909f56bfc062723c751e8b465ee728b)  -> (artifact id: '147acd7f81fa53cd5be96f05a3706b8e') in 0.004163 seconds
  Import took 0.009061 seconds .

========================================================================
Received Prepare
Registering precompiled user dll's ...
Registered in 0.001460 seconds.
Begin MonoManager ReloadAssembly
Native extension for WindowsStandalone target not found
Refreshing native plugins compatible for Editor in 0.54 ms, found 1 plugins.
Preloading 0 native plugins for Editor in 0.00 ms.
Mono: successfully reloaded assembly
- Completed reload, in  1.048 seconds
Platform modules already initialized, skipping
Refreshing native plugins compatible for Editor in 0.36 ms, found 1 plugins.
Preloading 0 native plugins for Editor in 0.00 ms.
Unloading 1813 Unused Serialized files (Serialized files now loaded: 0)
System memory in use before: 89.2 MB.
System memory in use after: 89.2 MB.

Unloading 15 unused Assets to reduce memory usage. Loaded Objects now: 2301.
Total: 2.248800 ms (FindLiveObjects: 0.179700 ms CreateObjectMapping: 0.050800 ms MarkObjects: 1.888300 ms  DeleteObjects: 0.129300 ms)

========================================================================
Received Import Request.
  Time since last request: 24.556131 seconds.
  path: Assets/Prefabs/Mafioso.prefab
  artifactKey: Guid(b3a20dd949d5e784ebe1079566e82f50) Importer(815301076,1909f56bfc062723c751e8b465ee728b)
Start importing Assets/Prefabs/Mafioso.prefab using Guid(b3a20dd949d5e784ebe1079566e82f50) Importer(815301076,1909f56bfc062723c751e8b465ee728b)  -> (artifact id: 'ec512b76d9495386ded788e2a41ce67b') in 0.053422 seconds
  Import took 0.056892 seconds .

========================================================================
Received Import Request.
  Time since last request: 0.000380 seconds.
  path: Assets/Prefabs/LevelUno.prefab
  artifactKey: Guid(1c00117c2b2796540bed0cb96ae36bce) Importer(815301076,1909f56bfc062723c751e8b465ee728b)
Start importing Assets/Prefabs/LevelUno.prefab using Guid(1c00117c2b2796540bed0cb96ae36bce) Importer(815301076,1909f56bfc062723c751e8b465ee728b)  -> (artifact id: '57be381a4cb349e56aa051da1d1c66aa') in 0.029105 seconds
  Import took 0.032877 seconds .

========================================================================
Received Prepare
Registering precompiled user dll's ...
Registered in 0.001233 seconds.
Begin MonoManager ReloadAssembly
Native extension for WindowsStandalone target not found
Refreshing native plugins compatible for Editor in 0.44 ms, found 1 plugins.
Preloading 0 native plugins for Editor in 0.00 ms.
Mono: successfully reloaded assembly
- Completed reload, in  0.934 seconds
Platform modules already initialized, skipping
Refreshing native plugins compatible for Editor in 0.50 ms, found 1 plugins.
Preloading 0 native plugins for Editor in 0.00 ms.
Unloading 1813 Unused Serialized files (Serialized files now loaded: 0)
System memory in use before: 89.2 MB.
System memory in use after: 89.2 MB.

Unloading 13 unused Assets to reduce memory usage. Loaded Objects now: 2306.
Total: 3.149600 ms (FindLiveObjects: 0.212200 ms CreateObjectMapping: 0.096500 ms MarkObjects: 2.684900 ms  DeleteObjects: 0.154500 ms)

========================================================================
Received Import Request.
  Time since last request: 66.117229 seconds.
  path: Assets/Prefabs/Aplanadora.prefab
  artifactKey: Guid(dec7ffa0ef87fa44c835776f1837dc36) Importer(815301076,1909f56bfc062723c751e8b465ee728b)
Start importing Assets/Prefabs/Aplanadora.prefab using Guid(dec7ffa0ef87fa44c835776f1837dc36) Importer(815301076,1909f56bfc062723c751e8b465ee728b)  -> (artifact id: 'a68b77a2e09ab24d356f0f9056c2bbb7') in 0.057125 seconds
  Import took 0.060918 seconds .

========================================================================
Received Prepare
Registering precompiled user dll's ...
Registered in 0.001249 seconds.
Begin MonoManager ReloadAssembly
Native extension for WindowsStandalone target not found
Refreshing native plugins compatible for Editor in 0.37 ms, found 1 plugins.
Preloading 0 native plugins for Editor in 0.00 ms.
Mono: successfully reloaded assembly
- Completed reload, in  1.003 seconds
Platform modules already initialized, skipping
Refreshing native plugins compatible for Editor in 0.37 ms, found 1 plugins.
Preloading 0 native plugins for Editor in 0.00 ms.
Unloading 1813 Unused Serialized files (Serialized files now loaded: 0)
System memory in use before: 89.2 MB.
System memory in use after: 89.2 MB.

Unloading 13 unused Assets to reduce memory usage. Loaded Objects now: 2311.
Total: 2.150300 ms (FindLiveObjects: 0.180700 ms CreateObjectMapping: 0.054400 ms MarkObjects: 1.769100 ms  DeleteObjects: 0.145300 ms)

========================================================================
Received Prepare
Registering precompiled user dll's ...
Registered in 0.001264 seconds.
Begin MonoManager ReloadAssembly
Native extension for WindowsStandalone target not found
Refreshing native plugins compatible for Editor in 0.65 ms, found 1 plugins.
Preloading 0 native plugins for Editor in 0.00 ms.
Mono: successfully reloaded assembly
- Completed reload, in  1.005 seconds
Platform modules already initialized, skipping
Refreshing native plugins compatible for Editor in 0.37 ms, found 1 plugins.
Preloading 0 native plugins for Editor in 0.00 ms.
Unloading 1813 Unused Serialized files (Serialized files now loaded: 0)
System memory in use before: 89.1 MB.
System memory in use after: 89.1 MB.

Unloading 12 unused Assets to reduce memory usage. Loaded Objects now: 2315.
Total: 2.131200 ms (FindLiveObjects: 0.165000 ms CreateObjectMapping: 0.060400 ms MarkObjects: 1.769400 ms  DeleteObjects: 0.135500 ms)

========================================================================
Received Import Request.
  Time since last request: 216.508623 seconds.
  path: Assets/Animations/Mafia.controller
  artifactKey: Guid(b939ea0bcea9e2a428f2e006647194dc) Importer(815301076,1909f56bfc062723c751e8b465ee728b)
Start importing Assets/Animations/Mafia.controller using Guid(b939ea0bcea9e2a428f2e006647194dc) Importer(815301076,1909f56bfc062723c751e8b465ee728b)  -> (artifact id: '062e9ef6ef4d990c4f7701445df5f896') in 0.015347 seconds
  Import took 0.020149 seconds .

========================================================================
Received Prepare
Registering precompiled user dll's ...
Registered in 0.001265 seconds.
Begin MonoManager ReloadAssembly
Native extension for WindowsStandalone target not found
Refreshing native plugins compatible for Editor in 0.37 ms, found 1 plugins.
Preloading 0 native plugins for Editor in 0.00 ms.
Mono: successfully reloaded assembly
- Completed reload, in  0.995 seconds
Platform modules already initialized, skipping
Refreshing native plugins compatible for Editor in 0.42 ms, found 1 plugins.
Preloading 0 native plugins for Editor in 0.00 ms.
Unloading 1813 Unused Serialized files (Serialized files now loaded: 0)
System memory in use before: 89.1 MB.
System memory in use after: 89.1 MB.

Unloading 12 unused Assets to reduce memory usage. Loaded Objects now: 2319.
Total: 2.467500 ms (FindLiveObjects: 0.259500 ms CreateObjectMapping: 0.069800 ms MarkObjects: 1.998200 ms  DeleteObjects: 0.139000 ms)

========================================================================
Received Import Request.
  Time since last request: 103.392716 seconds.
  path: Assets/Scenes
  artifactKey: Guid(90a41e79a568c824680a4e8cf90c5f23) Importer(815301076,1909f56bfc062723c751e8b465ee728b)
Start importing Assets/Scenes using Guid(90a41e79a568c824680a4e8cf90c5f23) Importer(815301076,1909f56bfc062723c751e8b465ee728b)  -> (artifact id: '1a090f38d6172e125a53a1f29311339d') in 0.007333 seconds
  Import took 0.011679 seconds .

========================================================================
Received Import Request.
  Time since last request: 8.651912 seconds.
  path: Assets/Scenes/Game.unity
  artifactKey: Guid(2cda990e2423bbf4892e6590ba056729) Importer(815301076,1909f56bfc062723c751e8b465ee728b)
Start importing Assets/Scenes/Game.unity using Guid(2cda990e2423bbf4892e6590ba056729) Importer(815301076,1909f56bfc062723c751e8b465ee728b)  -> (artifact id: 'da471bccc049eba825ee2cf0cbb1e76f') in 0.011098 seconds
  Import took 0.015359 seconds .

========================================================================
Received Prepare
Registering precompiled user dll's ...
Registered in 0.001410 seconds.
Begin MonoManager ReloadAssembly
Native extension for WindowsStandalone target not found
Refreshing native plugins compatible for Editor in 0.36 ms, found 1 plugins.
Preloading 0 native plugins for Editor in 0.00 ms.
Mono: successfully reloaded assembly
- Completed reload, in  0.939 seconds
Platform modules already initialized, skipping
Refreshing native plugins compatible for Editor in 0.37 ms, found 1 plugins.
Preloading 0 native plugins for Editor in 0.00 ms.
Unloading 1813 Unused Serialized files (Serialized files now loaded: 0)
System memory in use before: 89.1 MB.
System memory in use after: 89.1 MB.

Unloading 12 unused Assets to reduce memory usage. Loaded Objects now: 2323.
Total: 3.787000 ms (FindLiveObjects: 0.275300 ms CreateObjectMapping: 0.101300 ms MarkObjects: 3.234200 ms  DeleteObjects: 0.174300 ms)

========================================================================
Received Import Request.
  Time since last request: 80.522216 seconds.
  path: Assets/Prefabs/LevelUno.prefab
  artifactKey: Guid(1c00117c2b2796540bed0cb96ae36bce) Importer(815301076,1909f56bfc062723c751e8b465ee728b)
Start importing Assets/Prefabs/LevelUno.prefab using Guid(1c00117c2b2796540bed0cb96ae36bce) Importer(815301076,1909f56bfc062723c751e8b465ee728b)  -> (artifact id: '3a547fce3310405025e4d51d38c8aacc') in 0.106642 seconds
  Import took 0.112392 seconds .

========================================================================
Received Import Request.
  Time since last request: 28.380461 seconds.
  path: Assets/Prefabs/LevelUno 1.prefab
  artifactKey: Guid(de6a88b17a06931478809c7191f22d3d) Importer(815301076,1909f56bfc062723c751e8b465ee728b)
Start importing Assets/Prefabs/LevelUno 1.prefab using Guid(de6a88b17a06931478809c7191f22d3d) Importer(815301076,1909f56bfc062723c751e8b465ee728b)  -> (artifact id: '9645b78ce9d16bdc21325c3a617eb3c9') in 0.032126 seconds
  Import took 0.037175 seconds .

========================================================================
Received Import Request.
  Time since last request: 0.002933 seconds.
  path: Assets/Prefabs/LevelUno 1.prefab
  artifactKey: Guid(de6a88b17a06931478809c7191f22d3d) Importer(815301076,1909f56bfc062723c751e8b465ee728b)
Start importing Assets/Prefabs/LevelUno 1.prefab using Guid(de6a88b17a06931478809c7191f22d3d) Importer(815301076,1909f56bfc062723c751e8b465ee728b)  -> (artifact id: '9645b78ce9d16bdc21325c3a617eb3c9') in 0.037387 seconds
  Import took 0.042880 seconds .

========================================================================
Received Import Request.
  Time since last request: 3.580082 seconds.
  path: Assets/Prefabs/LevelUno 2.prefab
  artifactKey: Guid(eabcb0329aa6e1342834cf836c3ec571) Importer(815301076,1909f56bfc062723c751e8b465ee728b)
Start importing Assets/Prefabs/LevelUno 2.prefab using Guid(eabcb0329aa6e1342834cf836c3ec571) Importer(815301076,1909f56bfc062723c751e8b465ee728b)  -> (artifact id: '762f38960efff42edaa98ac00f38d3d5') in 0.045109 seconds
  Import took 0.050272 seconds .

========================================================================
Received Import Request.
  Time since last request: 0.003509 seconds.
  path: Assets/Prefabs/LevelUno 2.prefab
  artifactKey: Guid(eabcb0329aa6e1342834cf836c3ec571) Importer(815301076,1909f56bfc062723c751e8b465ee728b)
Start importing Assets/Prefabs/LevelUno 2.prefab using Guid(eabcb0329aa6e1342834cf836c3ec571) Importer(815301076,1909f56bfc062723c751e8b465ee728b)  -> (artifact id: '762f38960efff42edaa98ac00f38d3d5') in 0.028851 seconds
  Import took 0.033550 seconds .

========================================================================
Received Import Request.
  Time since last request: 4.382981 seconds.
  path: Assets/Prefabs/LevelUno 3.prefab
  artifactKey: Guid(c3b23d0c447f5d447abf4260304949f0) Importer(815301076,1909f56bfc062723c751e8b465ee728b)
Start importing Assets/Prefabs/LevelUno 3.prefab using Guid(c3b23d0c447f5d447abf4260304949f0) Importer(815301076,1909f56bfc062723c751e8b465ee728b)  -> (artifact id: 'ddd668b3a64643ec4c244db988d4fc70') in 0.029244 seconds
  Import took 0.034522 seconds .

========================================================================
Received Import Request.
  Time since last request: 0.000581 seconds.
  path: Assets/Prefabs/LevelUno 3.prefab
  artifactKey: Guid(c3b23d0c447f5d447abf4260304949f0) Importer(815301076,1909f56bfc062723c751e8b465ee728b)
Start importing Assets/Prefabs/LevelUno 3.prefab using Guid(c3b23d0c447f5d447abf4260304949f0) Importer(815301076,1909f56bfc062723c751e8b465ee728b)  -> (artifact id: 'ddd668b3a64643ec4c244db988d4fc70') in 0.027062 seconds
  Import took 0.032346 seconds .

========================================================================
Received Import Request.
  Time since last request: 4.189805 seconds.
  path: Assets/Prefabs/LevelUno 4.prefab
  artifactKey: Guid(f3f0a0f782a0c5845b062a30191b2367) Importer(815301076,1909f56bfc062723c751e8b465ee728b)
Start importing Assets/Prefabs/LevelUno 4.prefab using Guid(f3f0a0f782a0c5845b062a30191b2367) Importer(815301076,1909f56bfc062723c751e8b465ee728b)  -> (artifact id: '32eaa5010344c1ee5ca480c0e165fb2a') in 0.029384 seconds
  Import took 0.034591 seconds .

========================================================================
Received Import Request.
  Time since last request: 0.002719 seconds.
  path: Assets/Prefabs/LevelUno 4.prefab
  artifactKey: Guid(f3f0a0f782a0c5845b062a30191b2367) Importer(815301076,1909f56bfc062723c751e8b465ee728b)
Start importing Assets/Prefabs/LevelUno 4.prefab using Guid(f3f0a0f782a0c5845b062a30191b2367) Importer(815301076,1909f56bfc062723c751e8b465ee728b)  -> (artifact id: '32eaa5010344c1ee5ca480c0e165fb2a') in 0.028677 seconds
  Import took 0.033649 seconds .

========================================================================
Received Import Request.
  Time since last request: 27.178521 seconds.
  path: Assets/Prefabs/LevelDos.prefab
  artifactKey: Guid(de6a88b17a06931478809c7191f22d3d) Importer(815301076,1909f56bfc062723c751e8b465ee728b)
Start importing Assets/Prefabs/LevelDos.prefab using Guid(de6a88b17a06931478809c7191f22d3d) Importer(815301076,1909f56bfc062723c751e8b465ee728b)  -> (artifact id: '5eb41af0f6829c15ff97fc2540ca678b') in 0.040968 seconds
  Import took 0.048177 seconds .

========================================================================
Received Import Request.
  Time since last request: 10.097828 seconds.
  path: Assets/Prefabs/LevelTres.prefab
  artifactKey: Guid(eabcb0329aa6e1342834cf836c3ec571) Importer(815301076,1909f56bfc062723c751e8b465ee728b)
Start importing Assets/Prefabs/LevelTres.prefab using Guid(eabcb0329aa6e1342834cf836c3ec571) Importer(815301076,1909f56bfc062723c751e8b465ee728b)  -> (artifact id: '664b13a44dc72165c65d7d33302cbe10') in 0.030038 seconds
  Import took 0.034916 seconds .

========================================================================
Received Import Request.
  Time since last request: 23.124862 seconds.
  path: Assets/Prefabs/LevelCuatro.prefab
  artifactKey: Guid(c3b23d0c447f5d447abf4260304949f0) Importer(815301076,1909f56bfc062723c751e8b465ee728b)
Start importing Assets/Prefabs/LevelCuatro.prefab using Guid(c3b23d0c447f5d447abf4260304949f0) Importer(815301076,1909f56bfc062723c751e8b465ee728b)  -> (artifact id: '9025bf95d328f1425436deeb7d2f0a34') in 0.031194 seconds
  Import took 0.036880 seconds .

========================================================================
Received Import Request.
  Time since last request: 15.362694 seconds.
  path: Assets/Prefabs/LevelOne.prefab
  artifactKey: Guid(1c00117c2b2796540bed0cb96ae36bce) Importer(815301076,1909f56bfc062723c751e8b465ee728b)
Start importing Assets/Prefabs/LevelOne.prefab using Guid(1c00117c2b2796540bed0cb96ae36bce) Importer(815301076,1909f56bfc062723c751e8b465ee728b)  -> (artifact id: '57b221a2884d5d908c4676419f422b9a') in 0.029319 seconds
  Import took 0.046926 seconds .

========================================================================
Received Import Request.
  Time since last request: 9.462550 seconds.
  path: Assets/Prefabs/LevelTwo.prefab
  artifactKey: Guid(de6a88b17a06931478809c7191f22d3d) Importer(815301076,1909f56bfc062723c751e8b465ee728b)
Start importing Assets/Prefabs/LevelTwo.prefab using Guid(de6a88b17a06931478809c7191f22d3d) Importer(815301076,1909f56bfc062723c751e8b465ee728b)  -> (artifact id: '564e6ede07ed95b7ea222b985a576f06') in 0.027308 seconds
  Import took 0.033072 seconds .

========================================================================
Received Import Request.
  Time since last request: 10.594653 seconds.
  path: Assets/Prefabs/LevelThree.prefab
  artifactKey: Guid(eabcb0329aa6e1342834cf836c3ec571) Importer(815301076,1909f56bfc062723c751e8b465ee728b)
Start importing Assets/Prefabs/LevelThree.prefab using Guid(eabcb0329aa6e1342834cf836c3ec571) Importer(815301076,1909f56bfc062723c751e8b465ee728b)  -> (artifact id: '4da7addab4eba3b9747fbce36a7d0438') in 0.028867 seconds
  Import took 0.034641 seconds .

========================================================================
Received Import Request.
  Time since last request: 9.266593 seconds.
  path: Assets/Prefabs/LevelFour.prefab
  artifactKey: Guid(c3b23d0c447f5d447abf4260304949f0) Importer(815301076,1909f56bfc062723c751e8b465ee728b)
Start importing Assets/Prefabs/LevelFour.prefab using Guid(c3b23d0c447f5d447abf4260304949f0) Importer(815301076,1909f56bfc062723c751e8b465ee728b)  -> (artifact id: '43d9cce8f64ce4a341b54ab227986f0c') in 0.044332 seconds
  Import took 0.048500 seconds .

========================================================================
Received Import Request.
  Time since last request: 10.361633 seconds.
  path: Assets/Prefabs/LevelCinco.prefab
  artifactKey: Guid(f3f0a0f782a0c5845b062a30191b2367) Importer(815301076,1909f56bfc062723c751e8b465ee728b)
Start importing Assets/Prefabs/LevelCinco.prefab using Guid(f3f0a0f782a0c5845b062a30191b2367) Importer(815301076,1909f56bfc062723c751e8b465ee728b)  -> (artifact id: '22fd4a0d1d7d010b93b63cd4eb4bab6a') in 0.031428 seconds
  Import took 0.036759 seconds .

========================================================================
Received Import Request.
  Time since last request: 31.849516 seconds.
  path: Assets/Prefabs/LevelTwo.prefab
  artifactKey: Guid(de6a88b17a06931478809c7191f22d3d) Importer(815301076,1909f56bfc062723c751e8b465ee728b)
Start importing Assets/Prefabs/LevelTwo.prefab using Guid(de6a88b17a06931478809c7191f22d3d) Importer(815301076,1909f56bfc062723c751e8b465ee728b)  -> (artifact id: '46482d41222bc74447f648d2255ce2bf') in 0.021859 seconds
  Import took 0.034235 seconds .

========================================================================
Received Import Request.
  Time since last request: 5.873310 seconds.
  path: Assets/Prefabs/LevelTwo.prefab
  artifactKey: Guid(de6a88b17a06931478809c7191f22d3d) Importer(815301076,1909f56bfc062723c751e8b465ee728b)
Start importing Assets/Prefabs/LevelTwo.prefab using Guid(de6a88b17a06931478809c7191f22d3d) Importer(815301076,1909f56bfc062723c751e8b465ee728b)  -> (artifact id: '27e6c5e69cab723b5714eb9559b05835') in 0.044838 seconds
  Import took 0.050949 seconds .

========================================================================
Received Import Request.
  Time since last request: 6.366888 seconds.
  path: Assets/Prefabs/LevelTwo.prefab
  artifactKey: Guid(de6a88b17a06931478809c7191f22d3d) Importer(815301076,1909f56bfc062723c751e8b465ee728b)
Start importing Assets/Prefabs/LevelTwo.prefab using Guid(de6a88b17a06931478809c7191f22d3d) Importer(815301076,1909f56bfc062723c751e8b465ee728b)  -> (artifact id: 'fc510692193b576be5b43f98b8589522') in 0.047580 seconds
  Import took 0.052316 seconds .

========================================================================
Received Import Request.
  Time since last request: 2.570526 seconds.
  path: Assets/Prefabs/LevelTwo.prefab
  artifactKey: Guid(de6a88b17a06931478809c7191f22d3d) Importer(815301076,1909f56bfc062723c751e8b465ee728b)
Start importing Assets/Prefabs/LevelTwo.prefab using Guid(de6a88b17a06931478809c7191f22d3d) Importer(815301076,1909f56bfc062723c751e8b465ee728b)  -> (artifact id: '76e106c9ba80678db6684eaf84547862') in 0.029347 seconds
  Import took 0.033913 seconds .

========================================================================
Received Import Request.
  Time since last request: 12.663804 seconds.
  path: Assets/Prefabs/LevelTwo.prefab
  artifactKey: Guid(de6a88b17a06931478809c7191f22d3d) Importer(815301076,1909f56bfc062723c751e8b465ee728b)
Start importing Assets/Prefabs/LevelTwo.prefab using Guid(de6a88b17a06931478809c7191f22d3d) Importer(815301076,1909f56bfc062723c751e8b465ee728b)  -> (artifact id: 'f4e9a5281b55c65534ae820f5021ac09') in 0.046971 seconds
  Import took 0.051669 seconds .

========================================================================
Received Import Request.
  Time since last request: 1.744548 seconds.
  path: Assets/Prefabs/LevelTwo.prefab
  artifactKey: Guid(de6a88b17a06931478809c7191f22d3d) Importer(815301076,1909f56bfc062723c751e8b465ee728b)
Start importing Assets/Prefabs/LevelTwo.prefab using Guid(de6a88b17a06931478809c7191f22d3d) Importer(815301076,1909f56bfc062723c751e8b465ee728b)  -> (artifact id: 'cc65258b08214e51c458362e79d54a6e') in 0.026002 seconds
  Import took 0.030414 seconds .

========================================================================
Received Import Request.
  Time since last request: 2.495690 seconds.
  path: Assets/Prefabs/LevelTwo.prefab
  artifactKey: Guid(de6a88b17a06931478809c7191f22d3d) Importer(815301076,1909f56bfc062723c751e8b465ee728b)
Start importing Assets/Prefabs/LevelTwo.prefab using Guid(de6a88b17a06931478809c7191f22d3d) Importer(815301076,1909f56bfc062723c751e8b465ee728b)  -> (artifact id: '3f4218c9c721fb98111fda2f77e05390') in 0.027890 seconds
  Import took 0.031672 seconds .

========================================================================
Received Import Request.
  Time since last request: 2.801001 seconds.
  path: Assets/Prefabs/LevelTwo.prefab
  artifactKey: Guid(de6a88b17a06931478809c7191f22d3d) Importer(815301076,1909f56bfc062723c751e8b465ee728b)
Start importing Assets/Prefabs/LevelTwo.prefab using Guid(de6a88b17a06931478809c7191f22d3d) Importer(815301076,1909f56bfc062723c751e8b465ee728b)  -> (artifact id: 'd4dd3028cbb60bc6163a5a6532cb3074') in 0.021521 seconds
  Import took 0.026503 seconds .

========================================================================
Received Import Request.
  Time since last request: 7.956031 seconds.
  path: Assets/Prefabs/LevelTwo.prefab
  artifactKey: Guid(de6a88b17a06931478809c7191f22d3d) Importer(815301076,1909f56bfc062723c751e8b465ee728b)
Start importing Assets/Prefabs/LevelTwo.prefab using Guid(de6a88b17a06931478809c7191f22d3d) Importer(815301076,1909f56bfc062723c751e8b465ee728b)  -> (artifact id: '8f80121427ffec95726bbaf5947139bb') in 0.034985 seconds
  Import took 0.038815 seconds .

========================================================================
Received Import Request.
  Time since last request: 10.317426 seconds.
  path: Assets/Prefabs/LevelTwo.prefab
  artifactKey: Guid(de6a88b17a06931478809c7191f22d3d) Importer(815301076,1909f56bfc062723c751e8b465ee728b)
Start importing Assets/Prefabs/LevelTwo.prefab using Guid(de6a88b17a06931478809c7191f22d3d) Importer(815301076,1909f56bfc062723c751e8b465ee728b)  -> (artifact id: 'b632a01f588b83725ca5c508c4cf593a') in 0.033305 seconds
  Import took 0.036996 seconds .

========================================================================
Received Import Request.
  Time since last request: 10.675032 seconds.
  path: Assets/Prefabs/LevelTwo.prefab
  artifactKey: Guid(de6a88b17a06931478809c7191f22d3d) Importer(815301076,1909f56bfc062723c751e8b465ee728b)
Start importing Assets/Prefabs/LevelTwo.prefab using Guid(de6a88b17a06931478809c7191f22d3d) Importer(815301076,1909f56bfc062723c751e8b465ee728b)  -> (artifact id: '406f4fce08ac4f9a0ffb127c23db569f') in 0.035044 seconds
  Import took 0.039486 seconds .

========================================================================
Received Import Request.
  Time since last request: 6.875377 seconds.
  path: Assets/Prefabs/LevelTwo.prefab
  artifactKey: Guid(de6a88b17a06931478809c7191f22d3d) Importer(815301076,1909f56bfc062723c751e8b465ee728b)
Start importing Assets/Prefabs/LevelTwo.prefab using Guid(de6a88b17a06931478809c7191f22d3d) Importer(815301076,1909f56bfc062723c751e8b465ee728b)  -> (artifact id: 'f5f89e6bd17fdc86b842344145f0e3be') in 0.021609 seconds
  Import took 0.025487 seconds .

========================================================================
Received Import Request.
  Time since last request: 7.569058 seconds.
  path: Assets/Prefabs/LevelTwo.prefab
  artifactKey: Guid(de6a88b17a06931478809c7191f22d3d) Importer(815301076,1909f56bfc062723c751e8b465ee728b)
Start importing Assets/Prefabs/LevelTwo.prefab using Guid(de6a88b17a06931478809c7191f22d3d) Importer(815301076,1909f56bfc062723c751e8b465ee728b)  -> (artifact id: '1220bb108d1d18a85ca964487e93c300') in 0.035778 seconds
  Import took 0.040122 seconds .

========================================================================
Received Import Request.
  Time since last request: 8.836237 seconds.
  path: Assets/Prefabs/LevelTwo.prefab
  artifactKey: Guid(de6a88b17a06931478809c7191f22d3d) Importer(815301076,1909f56bfc062723c751e8b465ee728b)
Start importing Assets/Prefabs/LevelTwo.prefab using Guid(de6a88b17a06931478809c7191f22d3d) Importer(815301076,1909f56bfc062723c751e8b465ee728b)  -> (artifact id: '02bd202f8dcab7bb63e1ba9b614aea7f') in 0.040655 seconds
  Import took 0.044861 seconds .

========================================================================
Received Import Request.
  Time since last request: 2.697966 seconds.
  path: Assets/Prefabs/LevelTwo.prefab
  artifactKey: Guid(de6a88b17a06931478809c7191f22d3d) Importer(815301076,1909f56bfc062723c751e8b465ee728b)
Start importing Assets/Prefabs/LevelTwo.prefab using Guid(de6a88b17a06931478809c7191f22d3d) Importer(815301076,1909f56bfc062723c751e8b465ee728b)  -> (artifact id: 'dfb2dec6652e3a5f37f386a96e4e3fb7') in 0.020597 seconds
  Import took 0.024079 seconds .

========================================================================
Received Import Request.
  Time since last request: 5.445453 seconds.
  path: Assets/Prefabs/LevelTwo.prefab
  artifactKey: Guid(de6a88b17a06931478809c7191f22d3d) Importer(815301076,1909f56bfc062723c751e8b465ee728b)
Start importing Assets/Prefabs/LevelTwo.prefab using Guid(de6a88b17a06931478809c7191f22d3d) Importer(815301076,1909f56bfc062723c751e8b465ee728b)  -> (artifact id: '7bc4e818a70ba61dbd743c2b5b3df43d') in 0.035677 seconds
  Import took 0.039636 seconds .

========================================================================
Received Import Request.
  Time since last request: 3.897149 seconds.
  path: Assets/Prefabs/LevelTwo.prefab
  artifactKey: Guid(de6a88b17a06931478809c7191f22d3d) Importer(815301076,1909f56bfc062723c751e8b465ee728b)
Start importing Assets/Prefabs/LevelTwo.prefab using Guid(de6a88b17a06931478809c7191f22d3d) Importer(815301076,1909f56bfc062723c751e8b465ee728b)  -> (artifact id: '097eb0c6e3f2f8be4e360bb367bcd35d') in 0.035425 seconds
  Import took 0.039479 seconds .

========================================================================
Received Import Request.
  Time since last request: 14.249880 seconds.
  path: Assets/Prefabs/LevelTwo.prefab
  artifactKey: Guid(de6a88b17a06931478809c7191f22d3d) Importer(815301076,1909f56bfc062723c751e8b465ee728b)
Start importing Assets/Prefabs/LevelTwo.prefab using Guid(de6a88b17a06931478809c7191f22d3d) Importer(815301076,1909f56bfc062723c751e8b465ee728b)  -> (artifact id: '3aed86f95c550cd51cc6eada35c5c698') in 0.036480 seconds
  Import took 0.039974 seconds .

========================================================================
Received Import Request.
  Time since last request: 3.205545 seconds.
  path: Assets/Prefabs/LevelTwo.prefab
  artifactKey: Guid(de6a88b17a06931478809c7191f22d3d) Importer(815301076,1909f56bfc062723c751e8b465ee728b)
Start importing Assets/Prefabs/LevelTwo.prefab using Guid(de6a88b17a06931478809c7191f22d3d) Importer(815301076,1909f56bfc062723c751e8b465ee728b)  -> (artifact id: 'ff7c5e139b1f468c8ea0d3ce3068408f') in 0.018466 seconds
  Import took 0.022986 seconds .

========================================================================
Received Import Request.
  Time since last request: 1.822209 seconds.
  path: Assets/Prefabs/LevelTwo.prefab
  artifactKey: Guid(de6a88b17a06931478809c7191f22d3d) Importer(815301076,1909f56bfc062723c751e8b465ee728b)
Start importing Assets/Prefabs/LevelTwo.prefab using Guid(de6a88b17a06931478809c7191f22d3d) Importer(815301076,1909f56bfc062723c751e8b465ee728b)  -> (artifact id: 'cbb33bb534bb619a012f29f24a606f5b') in 0.020661 seconds
  Import took 0.024771 seconds .

========================================================================
Received Import Request.
  Time since last request: 1.036968 seconds.
  path: Assets/Prefabs/LevelTwo.prefab
  artifactKey: Guid(de6a88b17a06931478809c7191f22d3d) Importer(815301076,1909f56bfc062723c751e8b465ee728b)
Start importing Assets/Prefabs/LevelTwo.prefab using Guid(de6a88b17a06931478809c7191f22d3d) Importer(815301076,1909f56bfc062723c751e8b465ee728b)  -> (artifact id: '7303b51a100683dc3348e9e97519a19c') in 0.020759 seconds
  Import took 0.025508 seconds .

========================================================================
Received Import Request.
  Time since last request: 4.998634 seconds.
  path: Assets/Prefabs/LevelTwo.prefab
  artifactKey: Guid(de6a88b17a06931478809c7191f22d3d) Importer(815301076,1909f56bfc062723c751e8b465ee728b)
Start importing Assets/Prefabs/LevelTwo.prefab using Guid(de6a88b17a06931478809c7191f22d3d) Importer(815301076,1909f56bfc062723c751e8b465ee728b)  -> (artifact id: 'ca1584dccb075f103a4298ca44be6fac') in 0.037165 seconds
  Import took 0.040772 seconds .

========================================================================
Received Import Request.
  Time since last request: 1.936327 seconds.
  path: Assets/Prefabs/LevelTwo.prefab
  artifactKey: Guid(de6a88b17a06931478809c7191f22d3d) Importer(815301076,1909f56bfc062723c751e8b465ee728b)
Start importing Assets/Prefabs/LevelTwo.prefab using Guid(de6a88b17a06931478809c7191f22d3d) Importer(815301076,1909f56bfc062723c751e8b465ee728b)  -> (artifact id: '353201e5ad5246618fa1584ddf62f3d9') in 0.019358 seconds
  Import took 0.023775 seconds .

========================================================================
Received Import Request.
  Time since last request: 3.095289 seconds.
  path: Assets/Prefabs/LevelTwo.prefab
  artifactKey: Guid(de6a88b17a06931478809c7191f22d3d) Importer(815301076,1909f56bfc062723c751e8b465ee728b)
Start importing Assets/Prefabs/LevelTwo.prefab using Guid(de6a88b17a06931478809c7191f22d3d) Importer(815301076,1909f56bfc062723c751e8b465ee728b)  -> (artifact id: '2522ff3de8880e80303fc9ee4da5adb0') in 0.037835 seconds
  Import took 0.041510 seconds .

========================================================================
Received Import Request.
  Time since last request: 1.182560 seconds.
  path: Assets/Prefabs/LevelTwo.prefab
  artifactKey: Guid(de6a88b17a06931478809c7191f22d3d) Importer(815301076,1909f56bfc062723c751e8b465ee728b)
Start importing Assets/Prefabs/LevelTwo.prefab using Guid(de6a88b17a06931478809c7191f22d3d) Importer(815301076,1909f56bfc062723c751e8b465ee728b)  -> (artifact id: 'eeccdb5e5074305b8134c03386394627') in 0.022963 seconds
  Import took 0.026921 seconds .

========================================================================
Received Import Request.
  Time since last request: 2.823012 seconds.
  path: Assets/Prefabs/LevelTwo.prefab
  artifactKey: Guid(de6a88b17a06931478809c7191f22d3d) Importer(815301076,1909f56bfc062723c751e8b465ee728b)
Start importing Assets/Prefabs/LevelTwo.prefab using Guid(de6a88b17a06931478809c7191f22d3d) Importer(815301076,1909f56bfc062723c751e8b465ee728b)  -> (artifact id: '36fa4bf6b1ba3929d911b346c2750188') in 0.023187 seconds
  Import took 0.026864 seconds .

========================================================================
Received Import Request.
  Time since last request: 58.560628 seconds.
  path: Assets/Prefabs/LevelThree.prefab
  artifactKey: Guid(eabcb0329aa6e1342834cf836c3ec571) Importer(815301076,1909f56bfc062723c751e8b465ee728b)
Start importing Assets/Prefabs/LevelThree.prefab using Guid(eabcb0329aa6e1342834cf836c3ec571) Importer(815301076,1909f56bfc062723c751e8b465ee728b)  -> (artifact id: '3f1abe34be20aa8309a49a8ffcbf9730') in 0.029610 seconds
  Import took 0.034407 seconds .

========================================================================
Received Import Request.
  Time since last request: 1.767921 seconds.
  path: Assets/Prefabs/LevelThree.prefab
  artifactKey: Guid(eabcb0329aa6e1342834cf836c3ec571) Importer(815301076,1909f56bfc062723c751e8b465ee728b)
Start importing Assets/Prefabs/LevelThree.prefab using Guid(eabcb0329aa6e1342834cf836c3ec571) Importer(815301076,1909f56bfc062723c751e8b465ee728b)  -> (artifact id: 'd1615dc81617ab09085756687e388d5b') in 0.028626 seconds
  Import took 0.033651 seconds .

========================================================================
Received Import Request.
  Time since last request: 10.402306 seconds.
  path: Assets/Prefabs/LevelThree.prefab
  artifactKey: Guid(eabcb0329aa6e1342834cf836c3ec571) Importer(815301076,1909f56bfc062723c751e8b465ee728b)
Start importing Assets/Prefabs/LevelThree.prefab using Guid(eabcb0329aa6e1342834cf836c3ec571) Importer(815301076,1909f56bfc062723c751e8b465ee728b)  -> (artifact id: '91f27a04c8ebee76ddaccf48960dcbac') in 0.044636 seconds
  Import took 0.048626 seconds .

========================================================================
Received Import Request.
  Time since last request: 4.395362 seconds.
  path: Assets/Prefabs/LevelThree.prefab
  artifactKey: Guid(eabcb0329aa6e1342834cf836c3ec571) Importer(815301076,1909f56bfc062723c751e8b465ee728b)
Start importing Assets/Prefabs/LevelThree.prefab using Guid(eabcb0329aa6e1342834cf836c3ec571) Importer(815301076,1909f56bfc062723c751e8b465ee728b)  -> (artifact id: '5bf84ff0e6f47631e57483be6b7c765a') in 0.045254 seconds
  Import took 0.050815 seconds .

========================================================================
Received Import Request.
  Time since last request: 3.311237 seconds.
  path: Assets/Prefabs/LevelThree.prefab
  artifactKey: Guid(eabcb0329aa6e1342834cf836c3ec571) Importer(815301076,1909f56bfc062723c751e8b465ee728b)
Start importing Assets/Prefabs/LevelThree.prefab using Guid(eabcb0329aa6e1342834cf836c3ec571) Importer(815301076,1909f56bfc062723c751e8b465ee728b)  -> (artifact id: 'b6859dac0a30ce9d3a4f3a6719321b21') in 0.029132 seconds
  Import took 0.033078 seconds .

========================================================================
Received Import Request.
  Time since last request: 6.573341 seconds.
  path: Assets/Prefabs/LevelThree.prefab
  artifactKey: Guid(eabcb0329aa6e1342834cf836c3ec571) Importer(815301076,1909f56bfc062723c751e8b465ee728b)
Start importing Assets/Prefabs/LevelThree.prefab using Guid(eabcb0329aa6e1342834cf836c3ec571) Importer(815301076,1909f56bfc062723c751e8b465ee728b)  -> (artifact id: '6d85c800f46ac7b7fb90bdb24406bea2') in 0.037731 seconds
  Import took 0.041355 seconds .

========================================================================
Received Import Request.
  Time since last request: 6.885234 seconds.
  path: Assets/Prefabs/LevelThree.prefab
  artifactKey: Guid(eabcb0329aa6e1342834cf836c3ec571) Importer(815301076,1909f56bfc062723c751e8b465ee728b)
Start importing Assets/Prefabs/LevelThree.prefab using Guid(eabcb0329aa6e1342834cf836c3ec571) Importer(815301076,1909f56bfc062723c751e8b465ee728b)  -> (artifact id: '68df3cc2daea4a127aa4e5994450690d') in 0.037951 seconds
  Import took 0.041716 seconds .

========================================================================
Received Import Request.
  Time since last request: 12.296569 seconds.
  path: Assets/Prefabs/LevelThree.prefab
  artifactKey: Guid(eabcb0329aa6e1342834cf836c3ec571) Importer(815301076,1909f56bfc062723c751e8b465ee728b)
Start importing Assets/Prefabs/LevelThree.prefab using Guid(eabcb0329aa6e1342834cf836c3ec571) Importer(815301076,1909f56bfc062723c751e8b465ee728b)  -> (artifact id: 'ad8d82a7436d9f437fbd44b6263ad8e5') in 0.035203 seconds
  Import took 0.040386 seconds .

========================================================================
Received Import Request.
  Time since last request: 7.975596 seconds.
  path: Assets/Prefabs/LevelThree.prefab
  artifactKey: Guid(eabcb0329aa6e1342834cf836c3ec571) Importer(815301076,1909f56bfc062723c751e8b465ee728b)
Start importing Assets/Prefabs/LevelThree.prefab using Guid(eabcb0329aa6e1342834cf836c3ec571) Importer(815301076,1909f56bfc062723c751e8b465ee728b)  -> (artifact id: '6c70fe82d577d56e1426e0a42345f262') in 0.037358 seconds
  Import took 0.041050 seconds .

========================================================================
Received Import Request.
  Time since last request: 26.010471 seconds.
  path: Assets/Prefabs/LevelThree.prefab
  artifactKey: Guid(eabcb0329aa6e1342834cf836c3ec571) Importer(815301076,1909f56bfc062723c751e8b465ee728b)
Start importing Assets/Prefabs/LevelThree.prefab using Guid(eabcb0329aa6e1342834cf836c3ec571) Importer(815301076,1909f56bfc062723c751e8b465ee728b)  -> (artifact id: 'e8244bcf355821827cb397693c92e262') in 0.038876 seconds
  Import took 0.042981 seconds .

========================================================================
Received Import Request.
  Time since last request: 5.904846 seconds.
  path: Assets/Prefabs/LevelThree.prefab
  artifactKey: Guid(eabcb0329aa6e1342834cf836c3ec571) Importer(815301076,1909f56bfc062723c751e8b465ee728b)
Start importing Assets/Prefabs/LevelThree.prefab using Guid(eabcb0329aa6e1342834cf836c3ec571) Importer(815301076,1909f56bfc062723c751e8b465ee728b)  -> (artifact id: '04e6b64bedb4c920d6b9f05b433842bd') in 0.039493 seconds
  Import took 0.043726 seconds .

========================================================================
Received Import Request.
  Time since last request: 4.641679 seconds.
  path: Assets/Prefabs/LevelThree.prefab
  artifactKey: Guid(eabcb0329aa6e1342834cf836c3ec571) Importer(815301076,1909f56bfc062723c751e8b465ee728b)
Start importing Assets/Prefabs/LevelThree.prefab using Guid(eabcb0329aa6e1342834cf836c3ec571) Importer(815301076,1909f56bfc062723c751e8b465ee728b)  -> (artifact id: '89b3ca9064d63263b8416eb3cd31bdf4') in 0.034692 seconds
  Import took 0.044160 seconds .

========================================================================
Received Import Request.
  Time since last request: 17.786541 seconds.
  path: Assets/Prefabs/LevelThree.prefab
  artifactKey: Guid(eabcb0329aa6e1342834cf836c3ec571) Importer(815301076,1909f56bfc062723c751e8b465ee728b)
Start importing Assets/Prefabs/LevelThree.prefab using Guid(eabcb0329aa6e1342834cf836c3ec571) Importer(815301076,1909f56bfc062723c751e8b465ee728b)  -> (artifact id: '357fcf6765c633cbf97f94045398349a') in 0.040080 seconds
  Import took 0.044402 seconds .

========================================================================
Received Import Request.
  Time since last request: 7.053535 seconds.
  path: Assets/Prefabs/LevelThree.prefab
  artifactKey: Guid(eabcb0329aa6e1342834cf836c3ec571) Importer(815301076,1909f56bfc062723c751e8b465ee728b)
Start importing Assets/Prefabs/LevelThree.prefab using Guid(eabcb0329aa6e1342834cf836c3ec571) Importer(815301076,1909f56bfc062723c751e8b465ee728b)  -> (artifact id: '97e2aae9a9a4ff60138deb2a6f8881a3') in 0.037433 seconds
  Import took 0.042654 seconds .

========================================================================
Received Import Request.
  Time since last request: 9.573314 seconds.
  path: Assets/Prefabs/LevelThree.prefab
  artifactKey: Guid(eabcb0329aa6e1342834cf836c3ec571) Importer(815301076,1909f56bfc062723c751e8b465ee728b)
Start importing Assets/Prefabs/LevelThree.prefab using Guid(eabcb0329aa6e1342834cf836c3ec571) Importer(815301076,1909f56bfc062723c751e8b465ee728b)  -> (artifact id: '398bc29bf07bf8df529393ce8c2dbdde') in 0.039665 seconds
  Import took 0.044172 seconds .

========================================================================
Received Import Request.
  Time since last request: 8.721586 seconds.
  path: Assets/Prefabs/LevelThree.prefab
  artifactKey: Guid(eabcb0329aa6e1342834cf836c3ec571) Importer(815301076,1909f56bfc062723c751e8b465ee728b)
Start importing Assets/Prefabs/LevelThree.prefab using Guid(eabcb0329aa6e1342834cf836c3ec571) Importer(815301076,1909f56bfc062723c751e8b465ee728b)  -> (artifact id: '2cdd492c117829d75694dae11198e01e') in 0.040111 seconds
  Import took 0.044791 seconds .

========================================================================
Received Import Request.
  Time since last request: 10.374126 seconds.
  path: Assets/Prefabs/LevelThree.prefab
  artifactKey: Guid(eabcb0329aa6e1342834cf836c3ec571) Importer(815301076,1909f56bfc062723c751e8b465ee728b)
Start importing Assets/Prefabs/LevelThree.prefab using Guid(eabcb0329aa6e1342834cf836c3ec571) Importer(815301076,1909f56bfc062723c751e8b465ee728b)  -> (artifact id: '0b2f6b490070b11ca632d6b34a9af66b') in 0.036842 seconds
  Import took 0.040811 seconds .

========================================================================
Received Import Request.
  Time since last request: 51.574154 seconds.
  path: Assets/Prefabs/LevelFour.prefab
  artifactKey: Guid(c3b23d0c447f5d447abf4260304949f0) Importer(815301076,1909f56bfc062723c751e8b465ee728b)
Start importing Assets/Prefabs/LevelFour.prefab using Guid(c3b23d0c447f5d447abf4260304949f0) Importer(815301076,1909f56bfc062723c751e8b465ee728b)  -> (artifact id: '70c3215070e13693f62aaf1adfe981a7') in 0.027864 seconds
  Import took 0.031936 seconds .

========================================================================
Received Import Request.
  Time since last request: 6.648964 seconds.
  path: Assets/Prefabs/LevelFour.prefab
  artifactKey: Guid(c3b23d0c447f5d447abf4260304949f0) Importer(815301076,1909f56bfc062723c751e8b465ee728b)
Start importing Assets/Prefabs/LevelFour.prefab using Guid(c3b23d0c447f5d447abf4260304949f0) Importer(815301076,1909f56bfc062723c751e8b465ee728b)  -> (artifact id: '11ec0882f3d5c7d1aef87ef2dca8fb67') in 0.027656 seconds
  Import took 0.032747 seconds .

========================================================================
Received Import Request.
  Time since last request: 6.919559 seconds.
  path: Assets/Prefabs/LevelFour.prefab
  artifactKey: Guid(c3b23d0c447f5d447abf4260304949f0) Importer(815301076,1909f56bfc062723c751e8b465ee728b)
Start importing Assets/Prefabs/LevelFour.prefab using Guid(c3b23d0c447f5d447abf4260304949f0) Importer(815301076,1909f56bfc062723c751e8b465ee728b)  -> (artifact id: '458530c7582d90a10a6df895da871803') in 0.012023 seconds
  Import took 0.023330 seconds .

========================================================================
Received Import Request.
  Time since last request: 0.773509 seconds.
  path: Assets/Prefabs/LevelFour.prefab
  artifactKey: Guid(c3b23d0c447f5d447abf4260304949f0) Importer(815301076,1909f56bfc062723c751e8b465ee728b)
Start importing Assets/Prefabs/LevelFour.prefab using Guid(c3b23d0c447f5d447abf4260304949f0) Importer(815301076,1909f56bfc062723c751e8b465ee728b)  -> (artifact id: 'd16966cc59e88ceb5663571f12f95ae2') in 0.011012 seconds
  Import took 0.014708 seconds .

========================================================================
Received Import Request.
  Time since last request: 2.453107 seconds.
  path: Assets/Prefabs/LevelFour.prefab
  artifactKey: Guid(c3b23d0c447f5d447abf4260304949f0) Importer(815301076,1909f56bfc062723c751e8b465ee728b)
Start importing Assets/Prefabs/LevelFour.prefab using Guid(c3b23d0c447f5d447abf4260304949f0) Importer(815301076,1909f56bfc062723c751e8b465ee728b)  -> (artifact id: '1d72f5dcb7e571b23df9563a6fd44078') in 0.013216 seconds
  Import took 0.017103 seconds .

========================================================================
Received Import Request.
  Time since last request: 0.810789 seconds.
  path: Assets/Prefabs/LevelFour.prefab
  artifactKey: Guid(c3b23d0c447f5d447abf4260304949f0) Importer(815301076,1909f56bfc062723c751e8b465ee728b)
Start importing Assets/Prefabs/LevelFour.prefab using Guid(c3b23d0c447f5d447abf4260304949f0) Importer(815301076,1909f56bfc062723c751e8b465ee728b)  -> (artifact id: '792fd4f0d329d925bcd87ffb8969e8e9') in 0.010784 seconds
  Import took 0.014784 seconds .

========================================================================
Received Import Request.
  Time since last request: 2.304192 seconds.
  path: Assets/Prefabs/LevelFour.prefab
  artifactKey: Guid(c3b23d0c447f5d447abf4260304949f0) Importer(815301076,1909f56bfc062723c751e8b465ee728b)
Start importing Assets/Prefabs/LevelFour.prefab using Guid(c3b23d0c447f5d447abf4260304949f0) Importer(815301076,1909f56bfc062723c751e8b465ee728b)  -> (artifact id: '92e9a15b84b33895e7c4306c3734a091') in 0.011576 seconds
  Import took 0.015133 seconds .

========================================================================
Received Import Request.
  Time since last request: 4.029261 seconds.
  path: Assets/Prefabs/LevelFour.prefab
  artifactKey: Guid(c3b23d0c447f5d447abf4260304949f0) Importer(815301076,1909f56bfc062723c751e8b465ee728b)
Start importing Assets/Prefabs/LevelFour.prefab using Guid(c3b23d0c447f5d447abf4260304949f0) Importer(815301076,1909f56bfc062723c751e8b465ee728b)  -> (artifact id: '25a7d6a6a92598376a160af7bdf19831') in 0.028770 seconds
  Import took 0.033423 seconds .

========================================================================
Received Import Request.
  Time since last request: 2.617832 seconds.
  path: Assets/Prefabs/LevelFour.prefab
  artifactKey: Guid(c3b23d0c447f5d447abf4260304949f0) Importer(815301076,1909f56bfc062723c751e8b465ee728b)
Start importing Assets/Prefabs/LevelFour.prefab using Guid(c3b23d0c447f5d447abf4260304949f0) Importer(815301076,1909f56bfc062723c751e8b465ee728b)  -> (artifact id: 'b1b9f2c985444fd3e8979fe9f0aea276') in 0.029320 seconds
  Import took 0.033851 seconds .

========================================================================
Received Import Request.
  Time since last request: 3.222835 seconds.
  path: Assets/Prefabs/LevelFour.prefab
  artifactKey: Guid(c3b23d0c447f5d447abf4260304949f0) Importer(815301076,1909f56bfc062723c751e8b465ee728b)
Start importing Assets/Prefabs/LevelFour.prefab using Guid(c3b23d0c447f5d447abf4260304949f0) Importer(815301076,1909f56bfc062723c751e8b465ee728b)  -> (artifact id: '32785fe52792283dee2815521cb05c5d') in 0.025895 seconds
  Import took 0.029722 seconds .

========================================================================
Received Import Request.
  Time since last request: 2.597798 seconds.
  path: Assets/Prefabs/LevelFour.prefab
  artifactKey: Guid(c3b23d0c447f5d447abf4260304949f0) Importer(815301076,1909f56bfc062723c751e8b465ee728b)
Start importing Assets/Prefabs/LevelFour.prefab using Guid(c3b23d0c447f5d447abf4260304949f0) Importer(815301076,1909f56bfc062723c751e8b465ee728b)  -> (artifact id: '12bcb95f56bbda330d1bef756a9a31fd') in 0.010147 seconds
  Import took 0.013736 seconds .

========================================================================
Received Import Request.
  Time since last request: 34.432492 seconds.
  path: Assets/Prefabs/LevelCinco.prefab
  artifactKey: Guid(f3f0a0f782a0c5845b062a30191b2367) Importer(815301076,1909f56bfc062723c751e8b465ee728b)
Start importing Assets/Prefabs/LevelCinco.prefab using Guid(f3f0a0f782a0c5845b062a30191b2367) Importer(815301076,1909f56bfc062723c751e8b465ee728b)  -> (artifact id: 'd36f132202dfe9f37e00813ddcd8aea6') in 0.026530 seconds
  Import took 0.032550 seconds .

========================================================================
Received Import Request.
  Time since last request: 10.940076 seconds.
  path: Assets/Prefabs/LevelCinco.prefab
  artifactKey: Guid(f3f0a0f782a0c5845b062a30191b2367) Importer(815301076,1909f56bfc062723c751e8b465ee728b)
Start importing Assets/Prefabs/LevelCinco.prefab using Guid(f3f0a0f782a0c5845b062a30191b2367) Importer(815301076,1909f56bfc062723c751e8b465ee728b)  -> (artifact id: '7cab4a1dd908b4a598fe490ad6156545') in 0.025510 seconds
  Import took 0.029872 seconds .

========================================================================
Received Import Request.
  Time since last request: 23.187139 seconds.
  path: Assets/Prefabs/LevelCinco.prefab
  artifactKey: Guid(f3f0a0f782a0c5845b062a30191b2367) Importer(815301076,1909f56bfc062723c751e8b465ee728b)
Start importing Assets/Prefabs/LevelCinco.prefab using Guid(f3f0a0f782a0c5845b062a30191b2367) Importer(815301076,1909f56bfc062723c751e8b465ee728b)  -> (artifact id: '53eaa9547b58c84ad4c8cdcd2fffa6b7') in 0.033693 seconds
  Import took 0.037602 seconds .

========================================================================
Received Import Request.
  Time since last request: 2.184731 seconds.
  path: Assets/Prefabs/LevelCinco.prefab
  artifactKey: Guid(f3f0a0f782a0c5845b062a30191b2367) Importer(815301076,1909f56bfc062723c751e8b465ee728b)
Start importing Assets/Prefabs/LevelCinco.prefab using Guid(f3f0a0f782a0c5845b062a30191b2367) Importer(815301076,1909f56bfc062723c751e8b465ee728b)  -> (artifact id: '217533ca216f64a5389cdcebf3a1319d') in 0.013456 seconds
  Import took 0.017316 seconds .

========================================================================
Received Import Request.
  Time since last request: 1.966543 seconds.
  path: Assets/Prefabs/LevelCinco.prefab
  artifactKey: Guid(f3f0a0f782a0c5845b062a30191b2367) Importer(815301076,1909f56bfc062723c751e8b465ee728b)
Start importing Assets/Prefabs/LevelCinco.prefab using Guid(f3f0a0f782a0c5845b062a30191b2367) Importer(815301076,1909f56bfc062723c751e8b465ee728b)  -> (artifact id: '09f01ed6e0fc8295c0043473c0cdc172') in 0.014779 seconds
  Import took 0.018436 seconds .

========================================================================
Received Import Request.
  Time since last request: 1.190282 seconds.
  path: Assets/Prefabs/LevelCinco.prefab
  artifactKey: Guid(f3f0a0f782a0c5845b062a30191b2367) Importer(815301076,1909f56bfc062723c751e8b465ee728b)
Start importing Assets/Prefabs/LevelCinco.prefab using Guid(f3f0a0f782a0c5845b062a30191b2367) Importer(815301076,1909f56bfc062723c751e8b465ee728b)  -> (artifact id: '7beb21deb3130aa8eceb5dd5b0b993d0') in 0.012667 seconds
  Import took 0.016484 seconds .

========================================================================
Received Import Request.
  Time since last request: 1.431900 seconds.
  path: Assets/Prefabs/LevelCinco.prefab
  artifactKey: Guid(f3f0a0f782a0c5845b062a30191b2367) Importer(815301076,1909f56bfc062723c751e8b465ee728b)
Start importing Assets/Prefabs/LevelCinco.prefab using Guid(f3f0a0f782a0c5845b062a30191b2367) Importer(815301076,1909f56bfc062723c751e8b465ee728b)  -> (artifact id: 'bd16a7811d120e3af0154187e3b616c0') in 0.013006 seconds
  Import took 0.017539 seconds .

========================================================================
Received Import Request.
  Time since last request: 1.211932 seconds.
  path: Assets/Prefabs/LevelCinco.prefab
  artifactKey: Guid(f3f0a0f782a0c5845b062a30191b2367) Importer(815301076,1909f56bfc062723c751e8b465ee728b)
Start importing Assets/Prefabs/LevelCinco.prefab using Guid(f3f0a0f782a0c5845b062a30191b2367) Importer(815301076,1909f56bfc062723c751e8b465ee728b)  -> (artifact id: '1f20550da96119cf77709261c03a8f5c') in 0.013423 seconds
  Import took 0.018258 seconds .

========================================================================
Received Import Request.
  Time since last request: 8.341880 seconds.
  path: Assets/Prefabs/LevelCinco.prefab
  artifactKey: Guid(f3f0a0f782a0c5845b062a30191b2367) Importer(815301076,1909f56bfc062723c751e8b465ee728b)
Start importing Assets/Prefabs/LevelCinco.prefab using Guid(f3f0a0f782a0c5845b062a30191b2367) Importer(815301076,1909f56bfc062723c751e8b465ee728b)  -> (artifact id: 'aa2738d6aa69ec5f11817c70923ac8be') in 0.033976 seconds
  Import took 0.037880 seconds .

========================================================================
Received Import Request.
  Time since last request: 8.946307 seconds.
  path: Assets/Prefabs/LevelCinco.prefab
  artifactKey: Guid(f3f0a0f782a0c5845b062a30191b2367) Importer(815301076,1909f56bfc062723c751e8b465ee728b)
Start importing Assets/Prefabs/LevelCinco.prefab using Guid(f3f0a0f782a0c5845b062a30191b2367) Importer(815301076,1909f56bfc062723c751e8b465ee728b)  -> (artifact id: 'e06c2d74405bbe7249d6fc1dea665ae5') in 0.033300 seconds
  Import took 0.038051 seconds .

========================================================================
Received Import Request.
  Time since last request: 7.692952 seconds.
  path: Assets/Prefabs/LevelCinco.prefab
  artifactKey: Guid(f3f0a0f782a0c5845b062a30191b2367) Importer(815301076,1909f56bfc062723c751e8b465ee728b)
Start importing Assets/Prefabs/LevelCinco.prefab using Guid(f3f0a0f782a0c5845b062a30191b2367) Importer(815301076,1909f56bfc062723c751e8b465ee728b)  -> (artifact id: 'e47920ac160ea45cb9691c10106d8c73') in 0.032163 seconds
  Import took 0.036068 seconds .

========================================================================
Received Import Request.
  Time since last request: 1.979726 seconds.
  path: Assets/Prefabs/LevelCinco.prefab
  artifactKey: Guid(f3f0a0f782a0c5845b062a30191b2367) Importer(815301076,1909f56bfc062723c751e8b465ee728b)
Start importing Assets/Prefabs/LevelCinco.prefab using Guid(f3f0a0f782a0c5845b062a30191b2367) Importer(815301076,1909f56bfc062723c751e8b465ee728b)  -> (artifact id: 'afbeb37f91ada55acec351819abfcb15') in 0.017028 seconds
  Import took 0.020809 seconds .

========================================================================
Received Import Request.
  Time since last request: 5.678276 seconds.
  path: Assets/Prefabs/LevelCinco.prefab
  artifactKey: Guid(f3f0a0f782a0c5845b062a30191b2367) Importer(815301076,1909f56bfc062723c751e8b465ee728b)
Start importing Assets/Prefabs/LevelCinco.prefab using Guid(f3f0a0f782a0c5845b062a30191b2367) Importer(815301076,1909f56bfc062723c751e8b465ee728b)  -> (artifact id: 'b59443aacb482f1d37a690a63e5a674f') in 0.034995 seconds
  Import took 0.038375 seconds .

========================================================================
Received Import Request.
  Time since last request: 3.797807 seconds.
  path: Assets/Prefabs/LevelCinco.prefab
  artifactKey: Guid(f3f0a0f782a0c5845b062a30191b2367) Importer(815301076,1909f56bfc062723c751e8b465ee728b)
Start importing Assets/Prefabs/LevelCinco.prefab using Guid(f3f0a0f782a0c5845b062a30191b2367) Importer(815301076,1909f56bfc062723c751e8b465ee728b)  -> (artifact id: 'c4d47c33ab31154bd2468da245124ece') in 0.027562 seconds
  Import took 0.031897 seconds .

========================================================================
Received Import Request.
  Time since last request: 0.848022 seconds.
  path: Assets/Prefabs/LevelCinco.prefab
  artifactKey: Guid(f3f0a0f782a0c5845b062a30191b2367) Importer(815301076,1909f56bfc062723c751e8b465ee728b)
Start importing Assets/Prefabs/LevelCinco.prefab using Guid(f3f0a0f782a0c5845b062a30191b2367) Importer(815301076,1909f56bfc062723c751e8b465ee728b)  -> (artifact id: '20f9f99f3a1b065884d5b8c82ef34790') in 0.018145 seconds
  Import took 0.022226 seconds .

========================================================================
Received Import Request.
  Time since last request: 2.742548 seconds.
  path: Assets/Prefabs/LevelCinco.prefab
  artifactKey: Guid(f3f0a0f782a0c5845b062a30191b2367) Importer(815301076,1909f56bfc062723c751e8b465ee728b)
Start importing Assets/Prefabs/LevelCinco.prefab using Guid(f3f0a0f782a0c5845b062a30191b2367) Importer(815301076,1909f56bfc062723c751e8b465ee728b)  -> (artifact id: 'be11a7299bb02911c6b2bd0ca3cfe855') in 0.016537 seconds
  Import took 0.021806 seconds .

========================================================================
Received Import Request.
  Time since last request: 0.155242 seconds.
  path: Assets/Prefabs/LevelCinco.prefab
  artifactKey: Guid(f3f0a0f782a0c5845b062a30191b2367) Importer(815301076,1909f56bfc062723c751e8b465ee728b)
Start importing Assets/Prefabs/LevelCinco.prefab using Guid(f3f0a0f782a0c5845b062a30191b2367) Importer(815301076,1909f56bfc062723c751e8b465ee728b)  -> (artifact id: '9f7ed45a3fe4d179d42f91145f9a22a0') in 0.036123 seconds
  Import took 0.040928 seconds .

========================================================================
Received Import Request.
  Time since last request: 2.288018 seconds.
  path: Assets/Prefabs/LevelCinco.prefab
  artifactKey: Guid(f3f0a0f782a0c5845b062a30191b2367) Importer(815301076,1909f56bfc062723c751e8b465ee728b)
Start importing Assets/Prefabs/LevelCinco.prefab using Guid(f3f0a0f782a0c5845b062a30191b2367) Importer(815301076,1909f56bfc062723c751e8b465ee728b)  -> (artifact id: '993caea9fe7095440e05c163a9287f7e') in 0.016225 seconds
  Import took 0.020295 seconds .

========================================================================
Received Import Request.
  Time since last request: 1.167438 seconds.
  path: Assets/Prefabs/LevelCinco.prefab
  artifactKey: Guid(f3f0a0f782a0c5845b062a30191b2367) Importer(815301076,1909f56bfc062723c751e8b465ee728b)
Start importing Assets/Prefabs/LevelCinco.prefab using Guid(f3f0a0f782a0c5845b062a30191b2367) Importer(815301076,1909f56bfc062723c751e8b465ee728b)  -> (artifact id: 'b2b069d8e1883555054edd23ae293c37') in 0.020635 seconds
  Import took 0.024967 seconds .

========================================================================
Received Import Request.
  Time since last request: 2.095093 seconds.
  path: Assets/Prefabs/LevelCinco.prefab
  artifactKey: Guid(f3f0a0f782a0c5845b062a30191b2367) Importer(815301076,1909f56bfc062723c751e8b465ee728b)
Start importing Assets/Prefabs/LevelCinco.prefab using Guid(f3f0a0f782a0c5845b062a30191b2367) Importer(815301076,1909f56bfc062723c751e8b465ee728b)  -> (artifact id: '6d845f0fdefb0dd8b516fd98b2f66740') in 0.013739 seconds
  Import took 0.017595 seconds .

========================================================================
Received Import Request.
  Time since last request: 12.302687 seconds.
  path: Assets/Prefabs/LevelCinco.prefab
  artifactKey: Guid(f3f0a0f782a0c5845b062a30191b2367) Importer(815301076,1909f56bfc062723c751e8b465ee728b)
Start importing Assets/Prefabs/LevelCinco.prefab using Guid(f3f0a0f782a0c5845b062a30191b2367) Importer(815301076,1909f56bfc062723c751e8b465ee728b)  -> (artifact id: '56660245713faa7f16d202ac1b8d1781') in 0.035590 seconds
  Import took 0.039149 seconds .

========================================================================
Received Import Request.
  Time since last request: 1.586094 seconds.
  path: Assets/Prefabs/LevelCinco.prefab
  artifactKey: Guid(f3f0a0f782a0c5845b062a30191b2367) Importer(815301076,1909f56bfc062723c751e8b465ee728b)
Start importing Assets/Prefabs/LevelCinco.prefab using Guid(f3f0a0f782a0c5845b062a30191b2367) Importer(815301076,1909f56bfc062723c751e8b465ee728b)  -> (artifact id: 'c51cd4f2450a66a8ebc285612d0df808') in 0.015534 seconds
  Import took 0.019217 seconds .

========================================================================
Received Import Request.
  Time since last request: 4.033359 seconds.
  path: Assets/Prefabs/LevelCinco.prefab
  artifactKey: Guid(f3f0a0f782a0c5845b062a30191b2367) Importer(815301076,1909f56bfc062723c751e8b465ee728b)
Start importing Assets/Prefabs/LevelCinco.prefab using Guid(f3f0a0f782a0c5845b062a30191b2367) Importer(815301076,1909f56bfc062723c751e8b465ee728b)  -> (artifact id: 'cd1d4269c8e589b20638199eea1ef76c') in 0.017047 seconds
  Import took 0.021045 seconds .

========================================================================
Received Import Request.
  Time since last request: 3.675910 seconds.
  path: Assets/Prefabs/LevelCinco.prefab
  artifactKey: Guid(f3f0a0f782a0c5845b062a30191b2367) Importer(815301076,1909f56bfc062723c751e8b465ee728b)
Start importing Assets/Prefabs/LevelCinco.prefab using Guid(f3f0a0f782a0c5845b062a30191b2367) Importer(815301076,1909f56bfc062723c751e8b465ee728b)  -> (artifact id: '7f7efd12e8894d3ac2b6f3cb90f66c92') in 0.031789 seconds
  Import took 0.035639 seconds .

========================================================================
Received Import Request.
  Time since last request: 8.055225 seconds.
  path: Assets/Prefabs/LevelCinco.prefab
  artifactKey: Guid(f3f0a0f782a0c5845b062a30191b2367) Importer(815301076,1909f56bfc062723c751e8b465ee728b)
Start importing Assets/Prefabs/LevelCinco.prefab using Guid(f3f0a0f782a0c5845b062a30191b2367) Importer(815301076,1909f56bfc062723c751e8b465ee728b)  -> (artifact id: '908c77ddb751a276e1eb04b56be5474a') in 0.018293 seconds
  Import took 0.023344 seconds .

========================================================================
Received Import Request.
  Time since last request: 86.167699 seconds.
  path: Assets/Prefabs/LevelFive.prefab
  artifactKey: Guid(f3f0a0f782a0c5845b062a30191b2367) Importer(815301076,1909f56bfc062723c751e8b465ee728b)
Start importing Assets/Prefabs/LevelFive.prefab using Guid(f3f0a0f782a0c5845b062a30191b2367) Importer(815301076,1909f56bfc062723c751e8b465ee728b)  -> (artifact id: 'fd2002dd38228e584692fa607cc70323') in 0.018969 seconds
  Import took 0.022527 seconds .

========================================================================
Received Prepare
Registering precompiled user dll's ...
Registered in 0.001260 seconds.
Begin MonoManager ReloadAssembly
Native extension for WindowsStandalone target not found
Refreshing native plugins compatible for Editor in 0.36 ms, found 1 plugins.
Preloading 0 native plugins for Editor in 0.00 ms.
Mono: successfully reloaded assembly
- Completed reload, in  0.947 seconds
Platform modules already initialized, skipping
Refreshing native plugins compatible for Editor in 0.42 ms, found 1 plugins.
Preloading 0 native plugins for Editor in 0.00 ms.
Unloading 1813 Unused Serialized files (Serialized files now loaded: 0)
System memory in use before: 90.0 MB.
System memory in use after: 90.0 MB.

Unloading 13 unused Assets to reduce memory usage. Loaded Objects now: 2328.
Total: 4.725300 ms (FindLiveObjects: 0.411900 ms CreateObjectMapping: 0.160900 ms MarkObjects: 3.924900 ms  DeleteObjects: 0.225400 ms)

========================================================================
Received Prepare
Registering precompiled user dll's ...
Registered in 0.001397 seconds.
Begin MonoManager ReloadAssembly
Native extension for WindowsStandalone target not found
Refreshing native plugins compatible for Editor in 0.36 ms, found 1 plugins.
Preloading 0 native plugins for Editor in 0.00 ms.
Mono: successfully reloaded assembly
- Completed reload, in  0.946 seconds
Platform modules already initialized, skipping
Refreshing native plugins compatible for Editor in 0.36 ms, found 1 plugins.
Preloading 0 native plugins for Editor in 0.00 ms.
Unloading 1813 Unused Serialized files (Serialized files now loaded: 0)
System memory in use before: 89.9 MB.
System memory in use after: 89.9 MB.

Unloading 12 unused Assets to reduce memory usage. Loaded Objects now: 2332.
Total: 2.962100 ms (FindLiveObjects: 0.466800 ms CreateObjectMapping: 0.141700 ms MarkObjects: 2.146100 ms  DeleteObjects: 0.206400 ms)

========================================================================
Received Prepare
Registering precompiled user dll's ...
Registered in 0.001369 seconds.
Begin MonoManager ReloadAssembly
Native extension for WindowsStandalone target not found
Refreshing native plugins compatible for Editor in 0.50 ms, found 1 plugins.
Preloading 0 native plugins for Editor in 0.00 ms.
Mono: successfully reloaded assembly
- Completed reload, in  0.947 seconds
Platform modules already initialized, skipping
Refreshing native plugins compatible for Editor in 0.43 ms, found 1 plugins.
Preloading 0 native plugins for Editor in 0.00 ms.
Unloading 1813 Unused Serialized files (Serialized files now loaded: 0)
System memory in use before: 89.9 MB.
System memory in use after: 89.9 MB.

Unloading 12 unused Assets to reduce memory usage. Loaded Objects now: 2336.
Total: 2.745700 ms (FindLiveObjects: 0.303400 ms CreateObjectMapping: 0.058700 ms MarkObjects: 2.241200 ms  DeleteObjects: 0.141400 ms)

========================================================================
Received Prepare
Registering precompiled user dll's ...
Registered in 0.001312 seconds.
Begin MonoManager ReloadAssembly
Native extension for WindowsStandalone target not found
Refreshing native plugins compatible for Editor in 0.38 ms, found 1 plugins.
Preloading 0 native plugins for Editor in 0.00 ms.
Mono: successfully reloaded assembly
- Completed reload, in  0.973 seconds
Platform modules already initialized, skipping
Refreshing native plugins compatible for Editor in 0.36 ms, found 1 plugins.
Preloading 0 native plugins for Editor in 0.00 ms.
Unloading 1813 Unused Serialized files (Serialized files now loaded: 0)
System memory in use before: 89.9 MB.
System memory in use after: 89.9 MB.

Unloading 12 unused Assets to reduce memory usage. Loaded Objects now: 2340.
Total: 2.297900 ms (FindLiveObjects: 0.186500 ms CreateObjectMapping: 0.054700 ms MarkObjects: 1.901500 ms  DeleteObjects: 0.154400 ms)

========================================================================
Received Prepare
Registering precompiled user dll's ...
Registered in 0.001534 seconds.
Begin MonoManager ReloadAssembly
Native extension for WindowsStandalone target not found
Refreshing native plugins compatible for Editor in 0.37 ms, found 1 plugins.
Preloading 0 native plugins for Editor in 0.00 ms.
Mono: successfully reloaded assembly
- Completed reload, in  1.051 seconds
Platform modules already initialized, skipping
Refreshing native plugins compatible for Editor in 0.37 ms, found 1 plugins.
Preloading 0 native plugins for Editor in 0.00 ms.
Unloading 1813 Unused Serialized files (Serialized files now loaded: 0)
System memory in use before: 89.9 MB.
System memory in use after: 89.9 MB.

Unloading 12 unused Assets to reduce memory usage. Loaded Objects now: 2344.
Total: 2.463300 ms (FindLiveObjects: 0.235600 ms CreateObjectMapping: 0.082600 ms MarkObjects: 2.006600 ms  DeleteObjects: 0.137200 ms)

========================================================================
Received Import Request.
  Time since last request: 1678.816699 seconds.
  path: Assets/Audio/speck_-_Abigail_s_Outing_1.mp3
  artifactKey: Guid(5064b71ccada3e743ba6181ba4681d4f) Importer(815301076,1909f56bfc062723c751e8b465ee728b)
Start importing Assets/Audio/speck_-_Abigail_s_Outing_1.mp3 using Guid(5064b71ccada3e743ba6181ba4681d4f) Importer(815301076,1909f56bfc062723c751e8b465ee728b)  -> (artifact id: 'd0d9c177e81ef92ad4b2092483528ec9') in 0.118702 seconds
  Import took 0.125300 seconds .

========================================================================
Received Import Request.
  Time since last request: 0.000358 seconds.
  path: Assets/Audio/zapsplat_cartoon_frog_jump_26526.mp3
  artifactKey: Guid(b0caa27a6c6a5244bb12724076e0f4e7) Importer(815301076,1909f56bfc062723c751e8b465ee728b)
Start importing Assets/Audio/zapsplat_cartoon_frog_jump_26526.mp3 using Guid(b0caa27a6c6a5244bb12724076e0f4e7) Importer(815301076,1909f56bfc062723c751e8b465ee728b)  -> (artifact id: 'fa407639bf6c00ae6c541138e081df1f') in 0.009367 seconds
  Import took 0.013076 seconds .

========================================================================
Received Import Request.
  Time since last request: 0.000297 seconds.
  path: Assets/Audio/zapsplat_cartoon_bounce_drum_like_rising_tail_001_28915.mp3
  artifactKey: Guid(76298ba2bb2ea5140a7ed27cb7e45ea7) Importer(815301076,1909f56bfc062723c751e8b465ee728b)
Start importing Assets/Audio/zapsplat_cartoon_bounce_drum_like_rising_tail_001_28915.mp3 using Guid(76298ba2bb2ea5140a7ed27cb7e45ea7) Importer(815301076,1909f56bfc062723c751e8b465ee728b)  -> (artifact id: 'afad0908b0a2191f010a39ed13c68957') in 0.013969 seconds
  Import took 0.017303 seconds .

========================================================================
Received Prepare
Registering precompiled user dll's ...
Registered in 0.001267 seconds.
Begin MonoManager ReloadAssembly
Native extension for WindowsStandalone target not found
Refreshing native plugins compatible for Editor in 0.82 ms, found 1 plugins.
Preloading 0 native plugins for Editor in 0.00 ms.
Mono: successfully reloaded assembly
- Completed reload, in  0.958 seconds
Platform modules already initialized, skipping
Refreshing native plugins compatible for Editor in 0.75 ms, found 1 plugins.
Preloading 0 native plugins for Editor in 0.00 ms.
Unloading 1813 Unused Serialized files (Serialized files now loaded: 0)
System memory in use before: 90.0 MB.
System memory in use after: 89.9 MB.

Unloading 12 unused Assets to reduce memory usage. Loaded Objects now: 2351.
Total: 4.758500 ms (FindLiveObjects: 0.359500 ms CreateObjectMapping: 0.152000 ms MarkObjects: 4.032000 ms  DeleteObjects: 0.212800 ms)

========================================================================
Received Prepare
Registering precompiled user dll's ...
Registered in 0.001205 seconds.
Begin MonoManager ReloadAssembly
Native extension for WindowsStandalone target not found
Refreshing native plugins compatible for Editor in 0.37 ms, found 1 plugins.
Preloading 0 native plugins for Editor in 0.00 ms.
Mono: successfully reloaded assembly
- Completed reload, in  0.950 seconds
Platform modules already initialized, skipping
Refreshing native plugins compatible for Editor in 0.37 ms, found 1 plugins.
Preloading 0 native plugins for Editor in 0.00 ms.
Unloading 1813 Unused Serialized files (Serialized files now loaded: 0)
System memory in use before: 90.0 MB.
System memory in use after: 90.0 MB.

Unloading 12 unused Assets to reduce memory usage. Loaded Objects now: 2355.
Total: 2.291500 ms (FindLiveObjects: 0.187800 ms CreateObjectMapping: 0.057800 ms MarkObjects: 1.898900 ms  DeleteObjects: 0.146100 ms)

========================================================================
Received Prepare
Registering precompiled user dll's ...
Registered in 0.001281 seconds.
Begin MonoManager ReloadAssembly
Native extension for WindowsStandalone target not found
Refreshing native plugins compatible for Editor in 0.71 ms, found 1 plugins.
Preloading 0 native plugins for Editor in 0.00 ms.
Mono: successfully reloaded assembly
- Completed reload, in  1.024 seconds
Platform modules already initialized, skipping
Refreshing native plugins compatible for Editor in 0.39 ms, found 1 plugins.
Preloading 0 native plugins for Editor in 0.00 ms.
Unloading 1813 Unused Serialized files (Serialized files now loaded: 0)
System memory in use before: 90.0 MB.
System memory in use after: 90.0 MB.

Unloading 12 unused Assets to reduce memory usage. Loaded Objects now: 2359.
Total: 2.305400 ms (FindLiveObjects: 0.217600 ms CreateObjectMapping: 0.061200 ms MarkObjects: 1.888100 ms  DeleteObjects: 0.137600 ms)

========================================================================
Received Prepare
Registering precompiled user dll's ...
Registered in 0.001482 seconds.
Begin MonoManager ReloadAssembly
Native extension for WindowsStandalone target not found
Refreshing native plugins compatible for Editor in 0.39 ms, found 1 plugins.
Preloading 0 native plugins for Editor in 0.00 ms.
Mono: successfully reloaded assembly
- Completed reload, in  1.053 seconds
Platform modules already initialized, skipping
Refreshing native plugins compatible for Editor in 0.36 ms, found 1 plugins.
Preloading 0 native plugins for Editor in 0.00 ms.
Unloading 1813 Unused Serialized files (Serialized files now loaded: 0)
System memory in use before: 90.0 MB.
System memory in use after: 90.0 MB.

Unloading 12 unused Assets to reduce memory usage. Loaded Objects now: 2363.
Total: 2.169300 ms (FindLiveObjects: 0.224300 ms CreateObjectMapping: 0.096000 ms MarkObjects: 1.694200 ms  DeleteObjects: 0.154000 ms)

========================================================================
Received Prepare
Registering precompiled user dll's ...
Registered in 0.001412 seconds.
Begin MonoManager ReloadAssembly
Native extension for WindowsStandalone target not found
Refreshing native plugins compatible for Editor in 0.73 ms, found 1 plugins.
Preloading 0 native plugins for Editor in 0.00 ms.
Mono: successfully reloaded assembly
- Completed reload, in  1.298 seconds
Platform modules already initialized, skipping
Refreshing native plugins compatible for Editor in 0.42 ms, found 1 plugins.
Preloading 0 native plugins for Editor in 0.00 ms.
Unloading 1813 Unused Serialized files (Serialized files now loaded: 0)
System memory in use before: 90.0 MB.
System memory in use after: 90.0 MB.

Unloading 12 unused Assets to reduce memory usage. Loaded Objects now: 2367.
Total: 2.632100 ms (FindLiveObjects: 0.215400 ms CreateObjectMapping: 0.079500 ms MarkObjects: 2.213700 ms  DeleteObjects: 0.122300 ms)

========================================================================
Received Prepare
Registering precompiled user dll's ...
Registered in 0.001216 seconds.
Begin MonoManager ReloadAssembly
Native extension for WindowsStandalone target not found
Refreshing native plugins compatible for Editor in 0.37 ms, found 1 plugins.
Preloading 0 native plugins for Editor in 0.00 ms.
Mono: successfully reloaded assembly
- Completed reload, in  1.048 seconds
Platform modules already initialized, skipping
Refreshing native plugins compatible for Editor in 0.44 ms, found 1 plugins.
Preloading 0 native plugins for Editor in 0.00 ms.
Unloading 1813 Unused Serialized files (Serialized files now loaded: 0)
System memory in use before: 90.0 MB.
System memory in use after: 90.0 MB.

Unloading 12 unused Assets to reduce memory usage. Loaded Objects now: 2371.
Total: 2.770900 ms (FindLiveObjects: 0.257700 ms CreateObjectMapping: 0.090200 ms MarkObjects: 2.286200 ms  DeleteObjects: 0.133500 ms)

